Base path: D:/Unity3d_4/Editor/Data
Pipe name: \\.\pipe\UnityShaderCompiler-2-11408
Cmd: getPlatforms
Cmd: compileSnippet
  api=8 type=0 insize=986 outsize=1812 kw= ok=1
Cmd: compileSnippet
  api=4 type=0 insize=1420 outsize=1388 kw= ok=1
Cmd: compileSnippet
  api=8 type=1 insize=1420 outsize=2243 kw= ok=1
Cmd: compileSnippet
  api=8 type=0 insize=1322 outsize=1950 kw= ok=1
Cmd: compileSnippet
  api=8 type=1 insize=1322 outsize=2600 kw= ok=1
Cmd: compileSnippet
  api=8 type=0 insize=1570 outsize=1950 kw= ok=1
Cmd: compileSnippet
  api=8 type=1 insize=1570 outsize=2503 kw= ok=1
Cmd: compileSnippet
  api=8 type=0 insize=1684 outsize=1812 kw= ok=1
Cmd: compileSnippet
  api=4 type=1 insize=1684 outsize=1461 kw= ok=1
Cmd: compileSnippet
  api=8 type=0 insize=1260 outsize=1950 kw= ok=1
Cmd: compileSnippet
  api=8 type=1 insize=942 outsize=1048 kw= ok=1
Cmd: compileSnippet
  api=8 type=0 insize=1041 outsize=1812 kw= ok=1
Cmd: compileSnippet
  api=8 type=1 insize=1041 outsize=1390 kw= ok=1
Unhandled exception: Readfile from pipe failed. GLE=管道已结束。


Quitting shader compiler process
